[pi-browser-cyan.vercel.app/transaction.html]
[backblue.gif]
[fade.gif]
[index.html]
[cdn.jsdelivr.net/npm/bootstrap@5.3.2/dist/css/bootstrap.min.css]
[pi-browser-cyan.vercel.app/static/assets/pi_logo-x-BtcnkIol.png]
[pi-browser-cyan.vercel.app/p2p.html]
[pi-browser-cyan.vercel.app/static/assets/fireside-ojj_kuV4.jpg]
[pi-browser-cyan.vercel.app/static/assets/wallet-rwvPTu4_.jpg]
[pi-browser-cyan.vercel.app/static/assets/brainstorm-CSGPWMvt.jpg]
[pi-browser-cyan.vercel.app/static/assets/mine-HMPrgoQ1.jpg]
[pi-browser-cyan.vercel.app/static/assets/blockchain-ChcEJsEz.jpg]
[pi-browser-cyan.vercel.app/static/assets/develop-DyAAkrSX.jpg]
[pi-browser-cyan.vercel.app/static/assets/chat-BFGmBEUF.jpg]
[pi-browser-cyan.vercel.app/static/assets/kyc-Da9GWZUK.jpg]
[pi-browser-cyan.vercel.app/static/assets/p2p-3CVo_XjQ.jpg]
[pi-browser-cyan.vercel.app/transaction.html]
[cdn.jsdelivr.net/npm/bootstrap@5.3.2/dist/css/bootstrap.min.css]
[cdn.jsdelivr.net/npm/bootstrap@5.3.2/dist/js/bootstrap.bundle.min.js]
[pi-browser-cyan.vercel.app/p2p.html]
[cdn.jsdelivr.net/npm/axios/dist/axios.min.js]
